<?xml version="1.0" encoding="UTF-8" ?>
<testsuite errors="0" failures="0" hostname="debian-Dodds" name="com.example.simple.SimpleTest" tests="3" time="0.167" timestamp="2013-03-10T20:11:36">
  <properties>
    <property name="java.vendor" value="Sun Microsystems Inc." />
    <property name="coverage.summaryxml.dir" value="reports/cobertura-summary-xml" />
    <property name="sun.java.launcher" value="SUN_STANDARD" />
    <property name="sun.management.compiler" value="HotSpot 64-Bit Server Compiler" />
    <property name="os.name" value="Linux" />
    <property name="sun.boot.class.path" value="/usr/lib/jvm/java-6-openjdk/jre/lib/resources.jar:/usr/lib/jvm/java-6-openjdk/jre/lib/rt.jar:/usr/lib/jvm/java-6-openjdk/jre/lib/sunrsasign.jar:/usr/lib/jvm/java-6-openjdk/jre/lib/jsse.jar:/usr/lib/jvm/java-6-openjdk/jre/lib/jce.jar:/usr/lib/jvm/java-6-openjdk/jre/lib/charsets.jar:/usr/lib/jvm/java-6-openjdk/jre/lib/rhino.jar:/usr/lib/jvm/java-6-openjdk/jre/classes" />
    <property name="reports.html.dir" value="reports/junit-html" />
    <property name="sun.desktop" value="gnome" />
    <property name="java.vm.specification.vendor" value="Sun Microsystems Inc." />
    <property name="ant.home" value="/usr/share/ant" />
    <property name="java.runtime.version" value="1.6.0_18-b18" />
    <property name="cobertura.dir" value="../.." />
    <property name="user.name" value="adodds" />
    <property name="user.language" value="en" />
    <property name="sun.boot.library.path" value="/usr/lib/jvm/java-6-openjdk/jre/lib/amd64" />
    <property name="reports.dir" value="reports" />
    <property name="ant.project.default-target" value="coverage" />
    <property name="ant.project.name" value="cobertura.examples.basic" />
    <property name="ant.file.cobertura.examples.basic" value="/home/adodds/code/bytecast/tools/cobertura-1.9.4.1/examples/basic/build.xml" />
    <property name="java.version" value="1.6.0_18" />
    <property name="coverage.html.dir" value="reports/cobertura-html" />
    <property name="user.timezone" value="" />
    <property name="sun.arch.data.model" value="64" />
    <property name="java.endorsed.dirs" value="/usr/lib/jvm/java-6-openjdk/jre/lib/endorsed" />
    <property name="sun.cpu.isalist" value="" />
    <property name="sun.jnu.encoding" value="UTF-8" />
    <property name="file.encoding.pkg" value="sun.io" />
    <property name="file.separator" value="/" />
    <property name="java.specification.name" value="Java Platform API Specification" />
    <property name="classes.dir" value="classes" />
    <property name="java.class.version" value="50.0" />
    <property name="user.country" value="US" />
    <property name="java.home" value="/usr/lib/jvm/java-6-openjdk/jre" />
    <property name="java.vm.info" value="mixed mode" />
    <property name="ant.file.type.cobertura.examples.basic" value="file" />
    <property name="ant.file" value="/home/adodds/code/bytecast/tools/cobertura-1.9.4.1/examples/basic/build.xml" />
    <property name="os.version" value="2.6.32-5-amd64" />
    <property name="path.separator" value=":" />
    <property name="java.vm.version" value="14.0-b16" />
    <property name="ant.library.dir" value="/usr/share/ant/lib" />
    <property name="java.awt.printerjob" value="sun.print.PSPrinterJob" />
    <property name="sun.io.unicode.encoding" value="UnicodeLittle" />
    <property name="reports.xml.dir" value="reports/junit-xml" />
    <property name="user.home" value="/home/adodds" />
    <property name="java.specification.vendor" value="Sun Microsystems Inc." />
    <property name="coverage.xml.dir" value="reports/cobertura-xml" />
    <property name="java.library.path" value="/usr/lib/jvm/java-6-openjdk/jre/lib/amd64/server:/usr/lib/jvm/java-6-openjdk/jre/lib/amd64:/usr/lib/jvm/java-6-openjdk/jre/../lib/amd64:/usr/java/packages/lib/amd64:/usr/lib/jni:/lib:/usr/lib" />
    <property name="java.vendor.url" value="http://java.sun.com/" />
    <property name="java.vm.vendor" value="Sun Microsystems Inc." />
    <property name="java.runtime.name" value="OpenJDK Runtime Environment" />
    <property name="java.class.path" value="/home/adodds/code/bytecast/tools/cobertura-1.9.4.1/examples/basic/instrumented:/home/adodds/code/bytecast/tools/cobertura-1.9.4.1/examples/basic/classes:/home/adodds/code/bytecast/tools/cobertura-1.9.4.1/cobertura.jar:/home/adodds/code/bytecast/tools/cobertura-1.9.4.1/lib/asm-3.0.jar:/home/adodds/code/bytecast/tools/cobertura-1.9.4.1/lib/asm-tree-3.0.jar:/home/adodds/code/bytecast/tools/cobertura-1.9.4.1/lib/jakarta-oro-2.0.8.jar:/home/adodds/code/bytecast/tools/cobertura-1.9.4.1/lib/log4j-1.2.9.jar:/usr/share/ant/lib/junit.jar:/usr/share/java/ant-launcher-1.8.0.jar:/usr/share/ant/lib/ant.jar:/usr/share/ant/lib/ant-junit.jar" />
    <property name="ant.version" value="Apache Ant version 1.8.0 compiled on March 11 2010" />
    <property name="java.vm.specification.name" value="Java Virtual Machine Specification" />
    <property name="ant.file.type" value="file" />
    <property name="java.vm.specification.version" value="1.0" />
    <property name="sun.cpu.endian" value="little" />
    <property name="sun.os.patch.level" value="unknown" />
    <property name="java.io.tmpdir" value="/tmp" />
    <property name="java.vendor.url.bug" value="http://java.sun.com/cgi-bin/bugreport.cgi" />
    <property name="os.arch" value="amd64" />
    <property name="java.awt.graphicsenv" value="sun.awt.X11GraphicsEnvironment" />
    <property name="instrumented.dir" value="instrumented" />
    <property name="java.ext.dirs" value="/usr/lib/jvm/java-6-openjdk/jre/lib/ext:/usr/java/packages/lib/ext" />
    <property name="user.dir" value="/home/adodds/code/bytecast/tools/cobertura-1.9.4.1/examples/basic" />
    <property name="line.separator" value="
" />
    <property name="java.vm.name" value="OpenJDK 64-Bit Server VM" />
    <property name="basedir" value="/home/adodds/code/bytecast/tools/cobertura-1.9.4.1/examples/basic" />
    <property name="ant.java.version" value="1.6" />
    <property name="ant.core.lib" value="/usr/share/ant/lib/ant.jar" />
    <property name="file.encoding" value="UTF-8" />
    <property name="java.specification.version" value="1.6" />
    <property name="src.dir" value="src" />
    <property name="ant.project.invoked-targets" value="coverage" />
  </properties>
  <testcase classname="com.example.simple.SimpleTest" name="testSquare" time="0.01" />
  <testcase classname="com.example.simple.SimpleTest" name="testF" time="0.0" />
  <testcase classname="com.example.simple.SimpleTest" name="testSum" time="0.002" />
  <system-out><![CDATA[]]></system-out>
  <system-err><![CDATA[]]></system-err>
</testsuite>
